Flutter crash report; please file at https://github.com/flutter/flutter/issues.

## command

flutter packages get

## exception

NoSuchMethodError: NoSuchMethodError: The getter 'isModule' was called on null.
Receiver: null
Tried calling: isModule

```
#0      Object.noSuchMethod (dart:core/runtime/libobject_patch.dart:46:5)
#1      FlutterProject.ensureReadyForPlatformSpecificTooling (package:flutter_tools/src/project.dart:138:18)
<asynchronous suspension>
#2      PackagesGetCommand.runCommand (package:flutter_tools/src/commands/packages.dart:84:23)
<asynchronous suspension>
#3      FlutterCommand.verifyThenRunCommand (package:flutter_tools/src/runner/flutter_command.dart:347:18)
#4      _asyncThenWrapperHelper.<anonymous closure> (dart:async/runtime/libasync_patch.dart:77:64)
#5      _rootRunUnary (dart:async/zone.dart:1134:38)
#6      _CustomZone.runUnary (dart:async/zone.dart:1031:19)
#7      _FutureListener.handleValue (dart:async/future_impl.dart:129:18)
#8      Future._propagateToListeners.handleValueCallback (dart:async/future_impl.dart:638:45)
#9      Future._propagateToListeners (dart:async/future_impl.dart:667:32)
#10     Future._complete (dart:async/future_impl.dart:472:7)
#11     _SyncCompleter.complete (dart:async/future_impl.dart:51:12)
#12     _AsyncAwaitCompleter.complete.<anonymous closure> (dart:async/runtime/libasync_patch.dart:33:20)
#13     _rootRun (dart:async/zone.dart:1126:13)
#14     _CustomZone.run (dart:async/zone.dart:1023:19)
#15     _CustomZone.bindCallback.<anonymous closure> (dart:async/zone.dart:949:23)
#16     _microtaskLoop (dart:async/schedule_microtask.dart:41:21)
#17     _startMicrotaskLoop (dart:async/schedule_microtask.dart:50:5)
#18     _runPendingImmediateCallback (dart:isolate/runtime/libisolate_patch.dart:113:13)
#19     _RawReceivePortImpl._handleMessage (dart:isolate/runtime/libisolate_patch.dart:166:5)
```

## flutter doctor

```
[✓] Flutter (Channel master, v0.5.8-pre.117, on Linux, locale en_US.UTF-8)
    • Flutter version 0.5.8-pre.117 at /home/rcd/tools/flutter
    • Framework revision 56800d8fa1 (7 hours ago), 2018-07-23 22:56:03 -0700
    • Engine revision 96f5f5b96c
    • Dart version 2.0.0-dev.69.0.flutter-937ee2e8ca

[✗] Android toolchain - develop for Android devices
    ✗ Unable to locate Android SDK.
      Install Android Studio from: https://developer.android.com/studio/index.html
      On first launch it will assist you in installing the Android SDK components.
      (or visit https://flutter.io/setup/#android-setup for detailed instructions).
      If Android SDK has been installed to a custom location, set $ANDROID_HOME to that location.

[✓] Android Studio (version 3.1)
    • Android Studio at /home/rcd/android-studio
    ✗ Flutter plugin not installed; this adds Flutter specific functionality.
    ✗ Dart plugin not installed; this adds Dart specific functionality.
    • Java version OpenJDK Runtime Environment (build 1.8.0_152-release-1024-b01)

[✓] VS Code (version 1.25.1)
    • VS Code at /usr/share/code
    • Flutter extension version 2.16.0

[!] Connected devices
    ! No devices available

! Doctor found issues in 2 categories.
```
